<?xml version="1.0" encoding="UTF-8"?>
<!-- Generated by org.testng.reporters.JUnitReportReporter -->
<testsuite skipped="0" hostname="LAPTOP-NFSR7J9J" name="com.wbl.test.HomePageTest" tests="2" failures="0" timestamp="2021-09-18T20:48:29 PDT" time="22.924" errors="0">
  <testcase name="getMenuCountTest" time="12.939" classname="com.wbl.test.HomePageTest"/>
  <system-out/>
  <testcase name="clickFbIconTest" time="9.985" classname="com.wbl.test.HomePageTest"/>
  <system-out/>
</testsuite> <!-- com.wbl.test.HomePageTest -->
