<?xml version="1.0" encoding="UTF-8"?>
<!-- Generated by org.testng.reporters.JUnitReportReporter -->
<testsuite skipped="0" hostname="LAPTOP-NFSR7J9J" name="com.wbl.test.FbLoginPageTest" tests="1" failures="0" timestamp="2021-09-18T20:48:29 PDT" time="5.781" errors="0">
  <testcase name="loginTest" time="5.781" classname="com.wbl.test.FbLoginPageTest"/>
  <system-out/>
</testsuite> <!-- com.wbl.test.FbLoginPageTest -->
